{"event":"login","ip":"::1","level":"info","message":"User logged in successfully","timestamp":"2024-12-19T06:30:42.052Z","user":"mohamedramadan11b@gmail.com"}
{"event":"login","ip":"::1","level":"info","message":"User logged in successfully","timestamp":"2024-12-19T06:31:43.739Z","user":"mohamedramadan11b@gmail.com"}
{"event":"login","ip":"::1","level":"info","message":"User logged in successfully","timestamp":"2024-12-19T18:12:48.448Z","user":"mohamedramadan11b@gmail.com"}
{"event":"login","ip":"::1","level":"info","message":"User logged in successfully","timestamp":"2024-12-20T11:33:13.503Z","user":"mohamedramadan11b@gmail.com"}
{"event":"login","ip":"::1","level":"info","message":"User logged in successfully","timestamp":"2024-12-20T11:33:15.108Z","user":"mohamedramadan11b@gmail.com"}
{"event":"login","ip":"::1","level":"info","message":"User logged in successfully","timestamp":"2024-12-20T11:33:28.275Z","user":"mohamedramadan11b@gmail.com"}
{"event":"login","ip":"::1","level":"info","message":"User logged in successfully","timestamp":"2024-12-20T11:33:30.054Z","user":"mohamedramadan11b@gmail.com"}
{"event":"login_failed","ip":"::1","level":"warn","message":"Failed login attempt","timestamp":"2024-12-20T11:33:34.820Z","user":"mohamedramadan11b@gmail.cdom"}
{"event":"login_failed","ip":"::1","level":"warn","message":"Failed login attempt","timestamp":"2024-12-20T11:33:50.053Z","user":"d@gmail.com"}
{"event":"login_failed","ip":"::1","level":"warn","message":"Failed login attempt","timestamp":"2024-12-20T11:33:55.404Z","user":"mohamedramadan11b@gmdail.com"}
{"event":"login","ip":"::1","level":"info","message":"User logged in successfully","timestamp":"2024-12-20T11:34:00.920Z","user":"mohamedramadan11b@gmail.com"}
{"event":"login","ip":"::1","level":"info","message":"User logged in successfully","timestamp":"2024-12-20T11:46:47.690Z","user":"mohamedramadan11b@gmail.com"}
{"event":"login","ip":"::1","level":"info","message":"User logged in successfully","timestamp":"2024-12-20T11:47:16.622Z","user":"mohamedramadan11b@gmail.com"}
{"event":"login","ip":"::1","level":"info","message":"User logged in successfully","timestamp":"2024-12-20T11:48:36.119Z","user":"mohamedramadan11b@gmail.com"}
{"event":"login","ip":"::1","level":"info","message":"User logged in successfully","timestamp":"2024-12-20T11:49:06.636Z","user":"mohamedramadan11b@gmail.com"}
{"event":"login","ip":"::1","level":"info","message":"User logged in successfully","timestamp":"2024-12-20T11:49:32.559Z","user":"mohamedramadan11b@gmail.com"}
{"event":"login","ip":"::1","level":"info","message":"User logged in successfully","timestamp":"2024-12-20T11:50:36.059Z","user":"mohamedramadan11b@gmail.com"}
{"event":"login","ip":"::1","level":"info","message":"User logged in successfully","timestamp":"2024-12-20T11:53:34.370Z","user":"mohamedramadan11b@gmail.com"}
{"event":"login","ip":"::1","level":"info","message":"User logged in successfully","timestamp":"2024-12-20T11:53:58.790Z","user":"mohamedramadan11b@gmail.com"}
{"event":"login","ip":"::1","level":"info","message":"User logged in successfully","timestamp":"2024-12-20T12:03:14.387Z","user":"mohamedramadan11b@gmail.com"}
{"event":"login","ip":"::1","level":"info","message":"User logged in successfully","timestamp":"2024-12-20T12:15:24.557Z","user":"mohamedramadan11b@gmail.com"}
{"event":"logout","ip":"::1","level":"info","message":"User logged out successfully","timestamp":"2024-12-20T12:15:35.620Z","user":"mohamedramadan11b@gmail.com"}
{"event":"logout","ip":"::1","level":"info","message":"User logged out successfully","timestamp":"2024-12-20T12:16:06.979Z","user":"mohamedramadan11b@gmail.com"}
{"event":"logout","ip":"::1","level":"info","message":"User logged out successfully","timestamp":"2024-12-20T12:16:28.640Z","user":"mohamedramadan11b@gmail.com"}
{"event":"logout","ip":"::1","level":"info","message":"User logged out successfully","timestamp":"2024-12-20T12:17:59.678Z","user":"mohamedramadan11b@gmail.com"}
{"event":"logout","ip":"::1","level":"info","message":"User logged out successfully","timestamp":"2024-12-20T12:18:03.956Z","user":"mohamedramadan11b@gmail.com"}
{"event":"logout","ip":"::1","level":"info","message":"User logged out successfully","timestamp":"2024-12-20T12:18:37.158Z","user":"mohamedramadan11b@gmail.com"}
{"event":"logout","ip":"::1","level":"info","message":"User logged out successfully","timestamp":"2024-12-20T12:18:59.083Z","user":"mohamedramadan11b@gmail.com"}
{"event":"logout","ip":"::1","level":"info","message":"User logged out successfully","timestamp":"2024-12-20T12:20:21.505Z","user":"mohamedramadan11b@gmail.com"}
{"event":"logout","ip":"::1","level":"info","message":"User logged out successfully","timestamp":"2024-12-20T12:21:33.088Z","user":"mohamedramadan11b@gmail.com"}
{"event":"logout","ip":"::1","level":"info","message":"User logged out successfully","timestamp":"2024-12-20T12:24:34.664Z","user":"mohamedramadan11b@gmail.com"}
{"event":"logout","ip":"::1","level":"info","message":"User logged out successfully","timestamp":"2024-12-20T12:27:31.995Z","user":"mohamedramadan11b@gmail.com"}
{"event":"logout","ip":"::1","level":"info","message":"User logged out successfully","timestamp":"2024-12-20T12:27:46.206Z","user":"mohamedramadan11b@gmail.com"}
{"event":"login","ip":"::1","level":"info","message":"User logged in successfully","timestamp":"2024-12-20T12:31:36.887Z","user":"mohamedramadan11b@gmail.com"}
{"event":"logout","ip":"::1","level":"info","message":"User logged out successfully","timestamp":"2024-12-20T12:31:41.943Z","user":"mohamedramadan11b@gmail.com"}
{"event":"login","ip":"::1","level":"info","message":"User logged in successfully","timestamp":"2024-12-20T12:31:50.978Z","user":"mohamedramadan11b@gmail.com"}
{"event":"logout","ip":"::1","level":"info","message":"User logged out successfully","timestamp":"2024-12-20T12:31:58.618Z","user":"mohamedramadan11b@gmail.com"}
{"event":"password_reset","ip":"::1","level":"info","message":"User requested password reset successfully","timestamp":"2024-12-22T19:25:11.261Z","user":"mohamedramadan11b@gmail.com","userID":"676794da1612dd063fcd1ff4"}
{"event":"password_reset","ip":"::1","level":"info","message":"User requested password reset successfully","timestamp":"2024-12-22T19:27:01.772Z","user":"mohamedramadan11b@gmail.com","userID":"676794da1612dd063fcd1ff4"}
{"event":"password_reset","ip":"::1","level":"info","message":"User requested password reset successfully","timestamp":"2024-12-22T19:31:10.341Z","user":"mohamedramadan11b@gmail.com","userID":"676794da1612dd063fcd1ff4"}
{"event":"password_reset","ip":"::1","level":"info","message":"User requested password reset successfully","timestamp":"2024-12-22T19:33:55.159Z","user":"mohamedramadan11b@gmail.com","userID":"676794da1612dd063fcd1ff4"}
{"event":"password_reset","ip":"::1","level":"info","message":"User requested password reset successfully","timestamp":"2024-12-22T19:56:26.007Z","user":"mohamedramadan11b@gmail.com","userID":"67686e8b6bdd344fb617d901"}
{"event":"password_reset","ip":"::1","level":"info","message":"User requested password reset successfully","timestamp":"2024-12-22T19:56:30.325Z","user":"mohamedramadan11b@gmail.com","userID":"67686e8b6bdd344fb617d901"}
{"event":"password_reset","ip":"::1","level":"info","message":"User requested password reset successfully","timestamp":"2024-12-22T20:47:32.563Z","user":"mohamedramadan11b@gmail.com","userID":"67686e8b6bdd344fb617d901"}
{"event":"password_reset","ip":"::1","level":"info","message":"User requested password reset successfully","timestamp":"2024-12-22T20:51:28.024Z","user":"mohamedramadan11b@gmail.com","userID":"67686e8b6bdd344fb617d901"}
{"event":"login_failed","ip":"::1","level":"warn","message":"Failed login attempt","timestamp":"2024-12-26T16:36:34.590Z","user":"mohamedramadan11b@gmail.com"}
{"event":"login","ip":"::1","level":"info","message":"User logged in successfully","timestamp":"2024-12-26T16:36:47.864Z","user":"mohamedramadan11b@gmail.com"}
{"event":"login_failed","ip":"::1","level":"warn","message":"Failed login attempt","timestamp":"2024-12-26T16:36:59.928Z","user":"mohamedramadan11b@gmail.com"}
{"event":"login_failed","ip":"::1","level":"warn","message":"Failed login attempt","timestamp":"2024-12-26T16:37:14.992Z","user":"mohamedramadan11b@gmail.com"}
{"event":"login_failed","ip":"::1","level":"warn","message":"Failed login attempt","timestamp":"2024-12-26T16:37:19.470Z","user":"mohamedramadan11b@gmail.com"}
{"event":"login_failed","ip":"::1","level":"warn","message":"Failed login attempt","timestamp":"2024-12-26T16:37:46.342Z","user":"mohamedramadan11b@gmail.com"}
{"event":"login","ip":"::1","level":"info","message":"User logged in successfully","timestamp":"2024-12-26T16:39:25.717Z","user":"mohamedramadan11b@gmail.com"}
{"event":"login","ip":"::1","level":"info","message":"User logged in successfully","timestamp":"2024-12-26T16:52:40.854Z","user":"mohamedramadan11b@gmail.com"}
{"event":"password_reset","ip":"::1","level":"info","message":"User requested password reset successfully","timestamp":"2024-12-28T14:03:37.938Z","user":"mohamedramadan11b@gmail.com","userID":"677004c5f3c3a60e06db49a5"}
{"event":"password_reset","ip":"::1","level":"info","message":"User requested password reset successfully","timestamp":"2024-12-29T15:05:02.019Z","user":"mohamedramadan11b@gmail.com","userID":"677004c5f3c3a60e06db49a5"}
{"event":"login","ip":"::1","level":"info","message":"User logged in successfully","timestamp":"2024-12-29T15:51:02.809Z","user":"mohamedramadan11b@gmail.com"}
{"event":"login","ip":"::1","level":"info","message":"User logged in successfully","timestamp":"2024-12-30T11:43:03.454Z","user":"mohamedramadan11b@gmail.com"}
{"event":"login","ip":"::1","level":"info","message":"User logged in successfully","timestamp":"2025-01-01T13:20:23.736Z","user":"mohamedramadan11b@gmail.com"}
{"event":"password_reset","ip":"::1","level":"info","message":"User requested password reset successfully","timestamp":"2025-01-02T14:53:45.265Z","user":"mohamedramadan11b@gmail.com","userID":"677544ca0b9e43b26ab52139"}
{"event":"password_reset","ip":"::1","level":"info","message":"User requested password reset successfully","timestamp":"2025-01-02T14:53:46.368Z","user":"mohamedramadan11b@gmail.com","userID":"677544ca0b9e43b26ab52139"}
{"event":"login","ip":"::1","level":"info","message":"User logged in successfully","timestamp":"2025-01-02T17:52:53.860Z","user":"mohamedramadan11b@gmail.com"}
{"event":"login_failed","ip":"::1","level":"warn","message":"Failed login attempt","module":"auth","timestamp":"2025-01-16 07:01:04","user":"mohamedramadan11b@gmail.com"}
{"event":"login_failed","ip":"::1","level":"warn","message":"Failed login attempt","module":"auth","timestamp":"2025-01-16 07:53:27","user":"mohamedramadan11b@gmail.com"}
{"event":"login_failed","ip":"::1","level":"warn","message":"Failed login attempt","module":"auth","timestamp":"2025-01-16 08:02:22","user":"mohamedramadan11b@gmail.com"}
{"event":"login_failed","ip":"::1","level":"warn","message":"Failed login attempt","module":"auth","timestamp":"2025-01-16 08:02:23","user":"mohamedramadan11b@gmail.com"}
{"event":"login_failed","ip":"::1","level":"warn","message":"Failed login attempt","module":"auth","timestamp":"2025-01-16 08:02:25","user":"mohamedramadan11b@gmail.com"}
{"date":"Thu Jan 16 2025 11:11:36 GMT+0300 (Arabian Standard Time)","error":{"code":"ETIMEOUT","hostname":"word-nest-1.aln7u.mongodb.net","syscall":"queryTxt"},"level":"error","message":"unhandledRejection: queryTxt ETIMEOUT word-nest-1.aln7u.mongodb.net\nError: queryTxt ETIMEOUT word-nest-1.aln7u.mongodb.net\n    at QueryReqWrap.onresolve [as oncomplete] (node:internal/dns/promises:293:17)","module":"auth","os":{"loadavg":[1.94,0.93,0.61],"uptime":5445.05},"process":{"argv":["/home/mohamed/.nvm/versions/node/v22.12.0/bin/node","src/index.ts"],"cwd":"/home/mohamed/Desktop/wordNest","execPath":"/home/mohamed/.nvm/versions/node/v22.12.0/bin/node","gid":1000,"memoryUsage":{"arrayBuffers":18303807,"external":20682251,"heapTotal":39378944,"heapUsed":36767944,"rss":99778560},"pid":30827,"uid":1000,"version":"v22.12.0"},"rejection":true,"stack":"Error: queryTxt ETIMEOUT word-nest-1.aln7u.mongodb.net\n    at QueryReqWrap.onresolve [as oncomplete] (node:internal/dns/promises:293:17)","timestamp":"2025-01-16 11:11:36","trace":[{"column":17,"file":"node:internal/dns/promises","function":"QueryReqWrap.onresolve [as oncomplete]","line":293,"method":"onresolve [as oncomplete]","native":false}]}
{"date":"Thu Jan 16 2025 11:12:05 GMT+0300 (Arabian Standard Time)","error":{"code":"ESERVFAIL","hostname":"word-nest-1.aln7u.mongodb.net","syscall":"queryTxt"},"level":"error","message":"unhandledRejection: queryTxt ESERVFAIL word-nest-1.aln7u.mongodb.net\nError: queryTxt ESERVFAIL word-nest-1.aln7u.mongodb.net\n    at QueryReqWrap.onresolve [as oncomplete] (node:internal/dns/promises:293:17)","module":"auth","os":{"loadavg":[1.68,0.97,0.64],"uptime":5473.87},"process":{"argv":["/home/mohamed/.nvm/versions/node/v22.12.0/bin/node","src/index.ts"],"cwd":"/home/mohamed/Desktop/wordNest","execPath":"/home/mohamed/.nvm/versions/node/v22.12.0/bin/node","gid":1000,"memoryUsage":{"arrayBuffers":18335231,"external":20713675,"heapTotal":77389824,"heapUsed":39012792,"rss":138723328},"pid":31519,"uid":1000,"version":"v22.12.0"},"rejection":true,"stack":"Error: queryTxt ESERVFAIL word-nest-1.aln7u.mongodb.net\n    at QueryReqWrap.onresolve [as oncomplete] (node:internal/dns/promises:293:17)","timestamp":"2025-01-16 11:12:05","trace":[{"column":17,"file":"node:internal/dns/promises","function":"QueryReqWrap.onresolve [as oncomplete]","line":293,"method":"onresolve [as oncomplete]","native":false}]}
{"date":"Thu Jan 16 2025 11:12:44 GMT+0300 (Arabian Standard Time)","error":{"code":"ETIMEOUT","hostname":"word-nest-1.aln7u.mongodb.net","syscall":"queryTxt"},"level":"error","message":"unhandledRejection: queryTxt ETIMEOUT word-nest-1.aln7u.mongodb.net\nError: queryTxt ETIMEOUT word-nest-1.aln7u.mongodb.net\n    at QueryReqWrap.onresolve [as oncomplete] (node:internal/dns/promises:293:17)","module":"auth","os":{"loadavg":[1.28,0.94,0.64],"uptime":5512.48},"process":{"argv":["/home/mohamed/.nvm/versions/node/v22.12.0/bin/node","src/index.ts"],"cwd":"/home/mohamed/Desktop/wordNest","execPath":"/home/mohamed/.nvm/versions/node/v22.12.0/bin/node","gid":1000,"memoryUsage":{"arrayBuffers":18303747,"external":20682191,"heapTotal":39641088,"heapUsed":36700280,"rss":100073472},"pid":31846,"uid":1000,"version":"v22.12.0"},"rejection":true,"stack":"Error: queryTxt ETIMEOUT word-nest-1.aln7u.mongodb.net\n    at QueryReqWrap.onresolve [as oncomplete] (node:internal/dns/promises:293:17)","timestamp":"2025-01-16 11:12:44","trace":[{"column":17,"file":"node:internal/dns/promises","function":"QueryReqWrap.onresolve [as oncomplete]","line":293,"method":"onresolve [as oncomplete]","native":false}]}
{"date":"Thu Jan 16 2025 11:16:44 GMT+0300 (Arabian Standard Time)","error":{"code":"ETIMEOUT","hostname":"word-nest-1.aln7u.mongodb.net","syscall":"queryTxt"},"level":"error","message":"unhandledRejection: queryTxt ETIMEOUT word-nest-1.aln7u.mongodb.net\nError: queryTxt ETIMEOUT word-nest-1.aln7u.mongodb.net\n    at QueryReqWrap.onresolve [as oncomplete] (node:internal/dns/promises:293:17)","module":"auth","os":{"loadavg":[0.79,0.69,0.59],"uptime":5753.04},"process":{"argv":["/home/mohamed/.nvm/versions/node/v22.12.0/bin/node","src/index.ts"],"cwd":"/home/mohamed/Desktop/wordNest","execPath":"/home/mohamed/.nvm/versions/node/v22.12.0/bin/node","gid":1000,"memoryUsage":{"arrayBuffers":18303897,"external":20682341,"heapTotal":40427520,"heapUsed":36900184,"rss":100339712},"pid":33806,"uid":1000,"version":"v22.12.0"},"rejection":true,"stack":"Error: queryTxt ETIMEOUT word-nest-1.aln7u.mongodb.net\n    at QueryReqWrap.onresolve [as oncomplete] (node:internal/dns/promises:293:17)","timestamp":"2025-01-16 11:16:44","trace":[{"column":17,"file":"node:internal/dns/promises","function":"QueryReqWrap.onresolve [as oncomplete]","line":293,"method":"onresolve [as oncomplete]","native":false}]}
{"date":"Thu Jan 16 2025 11:19:24 GMT+0300 (Arabian Standard Time)","error":{"code":"ETIMEOUT","hostname":"word-nest-1.aln7u.mongodb.net","syscall":"queryTxt"},"level":"error","message":"unhandledRejection: queryTxt ETIMEOUT word-nest-1.aln7u.mongodb.net\nError: queryTxt ETIMEOUT word-nest-1.aln7u.mongodb.net\n    at QueryReqWrap.onresolve [as oncomplete] (node:internal/dns/promises:293:17)","module":"auth","os":{"loadavg":[0.74,0.82,0.67],"uptime":5912.84},"process":{"argv":["/home/mohamed/.nvm/versions/node/v22.12.0/bin/node","src/index.ts"],"cwd":"/home/mohamed/Desktop/wordNest","execPath":"/home/mohamed/.nvm/versions/node/v22.12.0/bin/node","gid":1000,"memoryUsage":{"arrayBuffers":18303807,"external":20682251,"heapTotal":39903232,"heapUsed":36788472,"rss":99610624},"pid":35701,"uid":1000,"version":"v22.12.0"},"rejection":true,"stack":"Error: queryTxt ETIMEOUT word-nest-1.aln7u.mongodb.net\n    at QueryReqWrap.onresolve [as oncomplete] (node:internal/dns/promises:293:17)","timestamp":"2025-01-16 11:19:24","trace":[{"column":17,"file":"node:internal/dns/promises","function":"QueryReqWrap.onresolve [as oncomplete]","line":293,"method":"onresolve [as oncomplete]","native":false}]}
{"error":"Invalid credentials","event":"login_failed","ip":"::1","level":"warn","message":"Failed login attempt","module":"auth","timestamp":"2025-01-17 13:01:41","user":"mohamedramadanmeray@gmail.com"}
{"error":"Invalid credentials","event":"login_failed","ip":"::1","level":"warn","message":"Failed login attempt","module":"auth","timestamp":"2025-01-17 13:02:29","user":"mohamedramadanmeray@gmail.com"}
{"error":"Invalid credentials","event":"login_failed","ip":"::1","level":"warn","message":"Failed login attempt","module":"auth","timestamp":"2025-01-17 13:02:31","user":"mohamedramadanmeray@gmail.com"}
{"error":"Invalid credentials","event":"login_failed","ip":"::1","level":"warn","message":"Failed login attempt","module":"auth","timestamp":"2025-01-17 13:02:33","user":"mohamedramadanmeray@gmail.com"}
{"error":"Invalid credentials","event":"login_failed","ip":"::1","level":"warn","message":"Failed login attempt","module":"auth","timestamp":"2025-01-17 13:34:01","user":"mohamedramadanmeray@gmail.com"}
{"error":"Invalid credentials","event":"login_failed","ip":"::1","level":"warn","message":"Failed login attempt","module":"auth","timestamp":"2025-01-17 13:34:03","user":"mohamedramadanmeray@gmail.com"}
{"error":"Invalid credentials","event":"login_failed","ip":"::1","level":"warn","message":"Failed login attempt","module":"auth","timestamp":"2025-01-17 13:34:04","user":"mohamedramadanmeray@gmail.com"}
{"error":"Invalid credentials","event":"login_failed","ip":"::1","level":"warn","message":"Failed login attempt","module":"auth","timestamp":"2025-01-17 13:34:06","user":"mohamedramadanmeray@gmail.com"}
{"error":"Invalid credentials","event":"login_failed","ip":"::1","level":"warn","message":"Failed login attempt","module":"auth","timestamp":"2025-01-17 13:34:08","user":"mohamedramadanmeray@gmail.com"}
{"error":"Invalid credentials","event":"login_failed","ip":"::1","level":"warn","message":"Failed login attempt","module":"auth","timestamp":"2025-01-17 13:34:09","user":"mohamedramadanmeray@gmail.com"}
{"event":"login","ip":"::1","level":"info","message":"User logged in successfully","module":"auth","timestamp":"2025-01-17 14:23:02","user":"mohamedramadanmeray@gmail.com"}
{"event":"password_reset","ip":"::1","level":"info","message":"User requested password reset successfully","module":"auth","timestamp":"2025-01-17 14:24:19","user":"mohamedramadanmeray@gmail.com","userID":"678956dd14756940b32166bf"}
{"event":"password_reset","ip":"::1","level":"info","message":"User requested password reset successfully","module":"auth","timestamp":"2025-01-17 16:15:50","user":"mohamedramadanmeray@gmail.com","userID":"678a459792c10fb3dd1e8e6a"}
{"date":"Mon Jan 20 2025 15:57:48 GMT+0300 (Arabian Standard Time)","error":{"code":"ETIMEOUT","hostname":"word-nest-1.aln7u.mongodb.net","syscall":"queryTxt"},"level":"error","message":"unhandledRejection: queryTxt ETIMEOUT word-nest-1.aln7u.mongodb.net\nError: queryTxt ETIMEOUT word-nest-1.aln7u.mongodb.net\n    at QueryReqWrap.onresolve [as oncomplete] (node:internal/dns/promises:293:17)","module":"auth","os":{"loadavg":[3.83,1.97,1.42],"uptime":7688.62},"process":{"argv":["/home/mohamed/.nvm/versions/node/v22.12.0/bin/node","src/index.ts"],"cwd":"/home/mohamed/Desktop/wordNest","execPath":"/home/mohamed/.nvm/versions/node/v22.12.0/bin/node","gid":1000,"memoryUsage":{"arrayBuffers":18335213,"external":20713657,"heapTotal":78438400,"heapUsed":39329704,"rss":138399744},"pid":12895,"uid":1000,"version":"v22.12.0"},"rejection":true,"stack":"Error: queryTxt ETIMEOUT word-nest-1.aln7u.mongodb.net\n    at QueryReqWrap.onresolve [as oncomplete] (node:internal/dns/promises:293:17)","timestamp":"2025-01-20 15:57:48","trace":[{"column":17,"file":"node:internal/dns/promises","function":"QueryReqWrap.onresolve [as oncomplete]","line":293,"method":"onresolve [as oncomplete]","native":false}]}
{"date":"Mon Jan 27 2025 16:36:16 GMT+0300 (Arabian Standard Time)","error":{"code":"ETIMEOUT","hostname":"word-nest-1.aln7u.mongodb.net","syscall":"queryTxt"},"level":"error","message":"unhandledRejection: queryTxt ETIMEOUT word-nest-1.aln7u.mongodb.net\nError: queryTxt ETIMEOUT word-nest-1.aln7u.mongodb.net\n    at QueryReqWrap.onresolve [as oncomplete] (node:internal/dns/promises:293:17)","module":"auth","os":{"loadavg":[2.54,1.88,1.17],"uptime":4590.9},"process":{"argv":["/home/mohamed/.nvm/versions/node/v22.12.0/bin/node","src/index.ts"],"cwd":"/home/mohamed/Desktop/wordNest","execPath":"/home/mohamed/.nvm/versions/node/v22.12.0/bin/node","gid":1000,"memoryUsage":{"arrayBuffers":18303747,"external":20682191,"heapTotal":39903232,"heapUsed":36830992,"rss":100806656},"pid":6783,"uid":1000,"version":"v22.12.0"},"rejection":true,"stack":"Error: queryTxt ETIMEOUT word-nest-1.aln7u.mongodb.net\n    at QueryReqWrap.onresolve [as oncomplete] (node:internal/dns/promises:293:17)","timestamp":"2025-01-27 16:36:16","trace":[{"column":17,"file":"node:internal/dns/promises","function":"QueryReqWrap.onresolve [as oncomplete]","line":293,"method":"onresolve [as oncomplete]","native":false}]}
{"event":"login","ip":"::1","level":"info","message":"User logged in successfully","module":"auth","timestamp":"2025-01-28 14:16:10","user":"mohamedramadanmeray@gmail.com"}
{"date":"Tue Jan 28 2025 15:46:37 GMT+0300 (Arabian Standard Time)","error":{"code":"ETIMEOUT","hostname":"word-nest-1.aln7u.mongodb.net","syscall":"queryTxt"},"level":"error","message":"unhandledRejection: queryTxt ETIMEOUT word-nest-1.aln7u.mongodb.net\nError: queryTxt ETIMEOUT word-nest-1.aln7u.mongodb.net\n    at QueryReqWrap.onresolve [as oncomplete] (node:internal/dns/promises:293:17)","module":"auth","os":{"loadavg":[0.59,0.38,0.54],"uptime":20534.01},"process":{"argv":["/home/mohamed/.nvm/versions/node/v22.12.0/bin/node","src/index.ts"],"cwd":"/home/mohamed/Desktop/wordNest","execPath":"/home/mohamed/.nvm/versions/node/v22.12.0/bin/node","gid":1000,"memoryUsage":{"arrayBuffers":18303867,"external":20682311,"heapTotal":40427520,"heapUsed":38162488,"rss":101457920},"pid":91778,"uid":1000,"version":"v22.12.0"},"rejection":true,"stack":"Error: queryTxt ETIMEOUT word-nest-1.aln7u.mongodb.net\n    at QueryReqWrap.onresolve [as oncomplete] (node:internal/dns/promises:293:17)","timestamp":"2025-01-28 15:46:37","trace":[{"column":17,"file":"node:internal/dns/promises","function":"QueryReqWrap.onresolve [as oncomplete]","line":293,"method":"onresolve [as oncomplete]","native":false}]}
