{"blogId":"unknown blog id","errorLocation":"BlogQueueProcessor","errorMessage":"the blog data is not passed correctly please ensure that passing the blog data.","jobAttempt":0,"level":"error","message":"Failed to delete a blog post","module":"blogsQueue","timestamp":"2025-02-11 13:05:44"}
{"blogId":"unknown blog id","errorLocation":"BlogQueueProcessor","errorMessage":"the blog data is not passed correctly please ensure that passing the blog data.","jobAttempt":1,"level":"error","message":"Failed to delete a blog post","module":"blogsQueue","timestamp":"2025-02-11 13:05:49"}
{"blogId":"unknown blog id","errorLocation":"BlogQueueProcessor","errorMessage":"the blog data is not passed correctly please ensure that passing the blog data.","jobAttempt":3,"level":"error","message":"Failed to delete a blog post","module":"blogsQueue","timestamp":"2025-02-11 13:05:53"}
{"blogId":"unknown blog id","errorLocation":"BlogQueueProcessor","errorMessage":"the blog data is not passed correctly please ensure that passing the blog data.","jobAttempt":2,"level":"error","message":"Failed to delete a blog post","module":"blogsQueue","timestamp":"2025-02-11 13:06:04"}
{"blogId":"unknown blog id","errorLocation":"BlogQueueProcessor","errorMessage":"the blog data is not passed correctly please ensure that passing the blog data.","jobAttempt":3,"level":"error","message":"Failed to delete a blog post","module":"blogsQueue","timestamp":"2025-02-11 13:06:39"}
{"blogId":"67a907aaf21d9b04551c4440","errorLocation":"BlogQueueProcessor","errorMessage":"the blog data is not passed correctly please ensure that passing the blog data.","jobAttempt":0,"level":"error","message":"Failed to delete a blog post","module":"blogsQueue","timestamp":"2025-02-11 13:07:56"}
{"blogId":"67a907aaf21d9b04551c4440","errorLocation":"BlogQueueProcessor","errorMessage":"the blog data is not passed correctly please ensure that passing the blog data.","jobAttempt":1,"level":"error","message":"Failed to delete a blog post","module":"blogsQueue","timestamp":"2025-02-11 13:08:01"}
{"blogId":"67a907aaf21d9b04551c4440","errorLocation":"BlogQueueProcessor","errorMessage":"the blog data is not passed correctly please ensure that passing the blog data.","jobAttempt":2,"level":"error","message":"Failed to delete a blog post","module":"blogsQueue","timestamp":"2025-02-11 13:08:16"}
{"blogId":"67ab85c61d05bfc69d86ef55","errorLocation":"BlogQueueProcessor","errorMessage":"Failed to delete blog with ID: 67ab85c61d05bfc69d86ef55","jobAttempt":0,"level":"error","message":"Failed to delete a blog post","module":"blogsQueue","timestamp":"2025-02-11 20:45:28"}
{"blogId":"67ab85c61d05bfc69d86ef55","errorLocation":"BlogQueueProcessor","errorMessage":"Failed to delete blog with ID: 67ab85c61d05bfc69d86ef55","jobAttempt":1,"level":"error","message":"Failed to delete a blog post","module":"blogsQueue","timestamp":"2025-02-11 20:45:33"}
{"blogId":"67ab85c61d05bfc69d86ef55","errorLocation":"BlogQueueProcessor","errorMessage":"Failed to delete blog with ID: 67ab85c61d05bfc69d86ef55","jobAttempt":2,"level":"error","message":"Failed to delete a blog post","module":"blogsQueue","timestamp":"2025-02-11 20:45:48"}
{"blogId":"67ab85c61d05bfc69d86ef55","errorLocation":"BlogQueueProcessor","errorMessage":"Failed to delete blog with ID: 67ab85c61d05bfc69d86ef55","jobAttempt":3,"level":"error","message":"Failed to delete a blog post","module":"blogsQueue","timestamp":"2025-02-11 20:46:23"}
{"blogId":"67ab85c61d05bfc69d86ef55","errorLocation":"BlogQueueProcessor","errorMessage":"Failed to delete blog with ID: 67ab85c61d05bfc69d86ef55","jobAttempt":4,"level":"error","message":"Failed to delete a blog post","module":"blogsQueue","timestamp":"2025-02-11 20:47:39"}
{"blogId":"67ab85cb1d05bfc69d86ef5c","errorLocation":"BlogQueueProcessor","errorMessage":"Failed to delete blog with ID: 67ab85cb1d05bfc69d86ef5c","jobAttempt":0,"level":"error","message":"Failed to delete a blog post","module":"blogsQueue","timestamp":"2025-02-11 20:49:13"}
{"blogId":"67ab85cb1d05bfc69d86ef5c","errorLocation":"BlogQueueProcessor","errorMessage":"Failed to delete blog with ID: 67ab85cb1d05bfc69d86ef5c","jobAttempt":1,"level":"error","message":"Failed to delete a blog post","module":"blogsQueue","timestamp":"2025-02-11 20:49:18"}
{"blogId":"67ab85cb1d05bfc69d86ef5c","errorLocation":"BlogQueueProcessor","errorMessage":"Failed to delete blog with ID: 67ab85cb1d05bfc69d86ef5c","jobAttempt":2,"level":"error","message":"Failed to delete a blog post","module":"blogsQueue","timestamp":"2025-02-11 20:49:33"}
{"blogId":"67ab85cb1d05bfc69d86ef5c","errorLocation":"BlogQueueProcessor","errorMessage":"Failed to delete blog with ID: 67ab85cb1d05bfc69d86ef5c","jobAttempt":3,"level":"error","message":"Failed to delete a blog post","module":"blogsQueue","timestamp":"2025-02-11 20:50:08"}
{"blogId":"67ab85cb1d05bfc69d86ef5c","errorLocation":"BlogQueueProcessor","errorMessage":"Failed to delete blog with ID: 67ab85cb1d05bfc69d86ef5c","jobAttempt":4,"level":"error","message":"Failed to delete a blog post","module":"blogsQueue","timestamp":"2025-02-11 20:51:24"}
{"blogId":"67ab85d61d05bfc69d86ef71","errorLocation":"BlogQueueProcessor","errorMessage":"Failed to delete blog with ID: 67ab85d61d05bfc69d86ef71","jobAttempt":0,"level":"error","message":"Failed to delete a blog post","module":"blogsQueue","timestamp":"2025-02-11 20:53:50"}
{"blogId":"67ab85d61d05bfc69d86ef71","errorLocation":"BlogQueueProcessor","errorMessage":"Failed to delete blog with ID: 67ab85d61d05bfc69d86ef71","jobAttempt":1,"level":"error","message":"Failed to delete a blog post","module":"blogsQueue","timestamp":"2025-02-11 20:53:55"}
{"blogId":"67ab85d61d05bfc69d86ef71","errorLocation":"BlogQueueProcessor","errorMessage":"Failed to delete blog with ID: 67ab85d61d05bfc69d86ef71","jobAttempt":2,"level":"error","message":"Failed to delete a blog post","module":"blogsQueue","timestamp":"2025-02-11 20:54:10"}
{"blogId":"67ab85d61d05bfc69d86ef71","errorLocation":"BlogQueueProcessor","errorMessage":"Failed to delete blog with ID: 67ab85d61d05bfc69d86ef71","jobAttempt":3,"level":"error","message":"Failed to delete a blog post","module":"blogsQueue","timestamp":"2025-02-11 20:54:46"}
{"blogId":"67ab85db1d05bfc69d86ef78","errorLocation":"BlogQueueProcessor","errorMessage":"Failed to delete blog with ID: 67ab85db1d05bfc69d86ef78","jobAttempt":0,"level":"error","message":"Failed to delete a blog post","module":"blogsQueue","timestamp":"2025-02-11 20:59:57"}
{"blogId":"67ab85d21d05bfc69d86ef6a","errorLocation":"BlogQueueProcessor","errorMessage":"Failed to delete blog with ID: 67ab85d21d05bfc69d86ef6a","jobAttempt":0,"level":"error","message":"Failed to delete a blog post","module":"blogsQueue","timestamp":"2025-02-11 21:01:10"}
{"blogId":"67ab90f0c6585583aa9739f7","errorLocation":"BlogQueueProcessor","errorMessage":"Failed to delete blog with ID: 67ab90f0c6585583aa9739f7","jobAttempt":0,"level":"error","message":"Failed to delete a blog post","module":"blogsQueue","timestamp":"2025-02-11 21:05:07"}
{"blogId":"67ab90ecc6585583aa9739f0","errorLocation":"BlogQueueProcessor","errorMessage":"Failed to delete blog with ID: 67ab90ecc6585583aa9739f0","jobAttempt":0,"level":"error","message":"Failed to delete a blog post","module":"blogsQueue","timestamp":"2025-02-11 21:06:28"}
{"blogId":"67ab90ecc6585583aa9739f0","errorLocation":"BlogQueueProcessor","errorMessage":"Failed to delete blog with ID: 67ab90ecc6585583aa9739f0","jobAttempt":1,"level":"error","message":"Failed to delete a blog post","module":"blogsQueue","timestamp":"2025-02-11 21:07:55"}
{"blogId":"67ab90e1c6585583aa9739e3","errorLocation":"BlogQueueProcessor","errorMessage":"Failed to delete blog with ID: 67ab90e1c6585583aa9739e3","jobAttempt":0,"level":"error","message":"Failed to delete a blog post","module":"blogsQueue","timestamp":"2025-02-11 21:10:17"}
{"blogId":"67ab90e1c6585583aa9739e3","errorLocation":"BlogQueueProcessor","errorMessage":"Failed to delete blog with ID: 67ab90e1c6585583aa9739e3","jobAttempt":1,"level":"error","message":"Failed to delete a blog post","module":"blogsQueue","timestamp":"2025-02-11 21:11:25"}
{"blogId":"67ab90ecc6585583aa9739f0","errorLocation":"BlogQueueProcessor","errorMessage":"Failed to delete blog with ID: 67ab90ecc6585583aa9739f0","jobAttempt":0,"level":"error","message":"Failed to delete a blog post","module":"blogsQueue","timestamp":"2025-02-11 21:42:00"}
{"blogId":"67ab90e1c6585583aa9739e3","errorLocation":"BlogQueueProcessor","errorMessage":"Failed to delete blog with ID: 67ab90e1c6585583aa9739e3","jobAttempt":0,"level":"error","message":"Failed to delete a blog post","module":"blogsQueue","timestamp":"2025-02-11 21:42:00"}
{"blogId":"67ab90ecc6585583aa9739f0","errorLocation":"BlogQueueProcessor","errorMessage":"Failed to delete blog with ID: 67ab90ecc6585583aa9739f0","jobAttempt":1,"level":"error","message":"Failed to delete a blog post","module":"blogsQueue","timestamp":"2025-02-11 21:42:06"}
{"blogId":"67ab90e1c6585583aa9739e3","errorLocation":"BlogQueueProcessor","errorMessage":"Failed to delete blog with ID: 67ab90e1c6585583aa9739e3","jobAttempt":1,"level":"error","message":"Failed to delete a blog post","module":"blogsQueue","timestamp":"2025-02-11 21:42:06"}
{"blogId":"67ab90ecc6585583aa9739f0","errorLocation":"BlogQueueProcessor","errorMessage":"Failed to delete blog with ID: 67ab90ecc6585583aa9739f0","jobAttempt":2,"level":"error","message":"Failed to delete a blog post","module":"blogsQueue","timestamp":"2025-02-11 21:42:21"}
{"blogId":"67ab90e1c6585583aa9739e3","errorLocation":"BlogQueueProcessor","errorMessage":"Failed to delete blog with ID: 67ab90e1c6585583aa9739e3","jobAttempt":2,"level":"error","message":"Failed to delete a blog post","module":"blogsQueue","timestamp":"2025-02-11 21:42:21"}
{"blogId":"67ab90e1c6585583aa9739e3","errorLocation":"BlogQueueProcessor","errorMessage":"Failed to delete blog with ID: 67ab90e1c6585583aa9739e3","jobAttempt":0,"level":"error","message":"Failed to delete a blog post","module":"blogsQueue","timestamp":"2025-02-11 21:43:05"}
{"blogId":"67ab90e1c6585583aa9739e3","errorLocation":"BlogQueueProcessor","errorMessage":"Failed to delete blog with ID: 67ab90e1c6585583aa9739e3","jobAttempt":1,"level":"error","message":"Failed to delete a blog post","module":"blogsQueue","timestamp":"2025-02-11 21:43:10"}
{"blogId":"67ab90e1c6585583aa9739e3","errorLocation":"BlogQueueProcessor","errorMessage":"Failed to delete blog with ID: 67ab90e1c6585583aa9739e3","jobAttempt":2,"level":"error","message":"Failed to delete a blog post","module":"blogsQueue","timestamp":"2025-02-11 21:43:26"}
{"blogId":"67ab90e1c6585583aa9739e3","errorLocation":"BlogQueueProcessor","errorMessage":"Failed to delete blog with ID: 67ab90e1c6585583aa9739e3","jobAttempt":0,"level":"error","message":"Failed to delete a blog post","module":"blogsQueue","timestamp":"2025-02-11 21:44:00"}
{"blogId":"67ab90ecc6585583aa9739f0","errorLocation":"BlogQueueProcessor","errorMessage":"Caused by :: Write conflict during plan execution and yielding is disabled. :: Please retry your operation or multi-document transaction.","jobAttempt":0,"level":"error","message":"Failed to delete a blog post","module":"blogsQueue","timestamp":"2025-02-11 21:44:00"}
{"blogId":"67ab90e1c6585583aa9739e3","errorLocation":"BlogQueueProcessor","errorMessage":"Failed to delete blog with ID: 67ab90e1c6585583aa9739e3","jobAttempt":3,"level":"error","message":"Failed to delete a blog post","module":"blogsQueue","timestamp":"2025-02-11 21:44:01"}
{"blogId":"67ab90e1c6585583aa9739e3","errorLocation":"BlogQueueProcessor","errorMessage":"Failed to delete blog with ID: 67ab90e1c6585583aa9739e3","jobAttempt":1,"level":"error","message":"Failed to delete a blog post","module":"blogsQueue","timestamp":"2025-02-11 21:44:19"}
{"blogId":"67ab90ecc6585583aa9739f0","errorLocation":"BlogQueueProcessor","errorMessage":"Caused by :: Write conflict during plan execution and yielding is disabled. :: Please retry your operation or multi-document transaction.","jobAttempt":1,"level":"error","message":"Failed to delete a blog post","module":"blogsQueue","timestamp":"2025-02-11 21:44:20"}
{"blogId":"67ab90ecc6585583aa9739f0","errorLocation":"BlogQueueProcessor","errorMessage":"Failed to delete blog with ID: 67ab90ecc6585583aa9739f0","jobAttempt":0,"level":"error","message":"Failed to delete a blog post","module":"blogsQueue","timestamp":"2025-02-11 21:44:34"}
{"blogId":"67ab90e1c6585583aa9739e3","errorLocation":"BlogQueueProcessor","errorMessage":"Failed to delete blog with ID: 67ab90e1c6585583aa9739e3","jobAttempt":3,"level":"error","message":"Failed to delete a blog post","module":"blogsQueue","timestamp":"2025-02-11 21:44:34"}
{"blogId":"67ab90e1c6585583aa9739e3","errorLocation":"BlogQueueProcessor","errorMessage":"Failed to delete blog with ID: 67ab90e1c6585583aa9739e3","jobAttempt":2,"level":"error","message":"Failed to delete a blog post","module":"blogsQueue","timestamp":"2025-02-11 21:44:34"}
{"blogId":"67ab90ecc6585583aa9739f0","errorLocation":"BlogQueueProcessor","errorMessage":"Caused by :: Write conflict during plan execution and yielding is disabled. :: Please retry your operation or multi-document transaction.","jobAttempt":3,"level":"error","message":"Failed to delete a blog post","module":"blogsQueue","timestamp":"2025-02-11 21:44:34"}
{"blogId":"67ab90ecc6585583aa9739f0","errorLocation":"BlogQueueProcessor","errorMessage":"Failed to delete blog with ID: 67ab90ecc6585583aa9739f0","jobAttempt":1,"level":"error","message":"Failed to delete a blog post","module":"blogsQueue","timestamp":"2025-02-11 21:44:44"}
{"blogId":"67ab90ecc6585583aa9739f0","errorLocation":"BlogQueueProcessor","errorMessage":"Failed to delete blog with ID: 67ab90ecc6585583aa9739f0","jobAttempt":2,"level":"error","message":"Failed to delete a blog post","module":"blogsQueue","timestamp":"2025-02-11 21:44:59"}
{"blogId":"67ab90ecc6585583aa9739f0","errorLocation":"BlogQueueProcessor","errorMessage":"Failed to delete blog with ID: 67ab90ecc6585583aa9739f0","jobAttempt":0,"level":"error","message":"Failed to delete a blog post","module":"blogsQueue","timestamp":"2025-02-11 21:45:09"}
{"blogId":"67ab90e1c6585583aa9739e3","errorLocation":"BlogQueueProcessor","errorMessage":"Failed to delete blog with ID: 67ab90e1c6585583aa9739e3","jobAttempt":0,"level":"error","message":"Failed to delete a blog post","module":"blogsQueue","timestamp":"2025-02-11 21:45:10"}
{"blogId":"67ab90e1c6585583aa9739e3","errorLocation":"BlogQueueProcessor","errorMessage":"Caused by :: Write conflict during plan execution and yielding is disabled. :: Please retry your operation or multi-document transaction.","jobAttempt":3,"level":"error","message":"Failed to delete a blog post","module":"blogsQueue","timestamp":"2025-02-11 21:45:10"}
{"blogId":"67ab90ecc6585583aa9739f0","errorLocation":"BlogQueueProcessor","errorMessage":"Failed to delete blog with ID: 67ab90ecc6585583aa9739f0","jobAttempt":1,"level":"error","message":"Failed to delete a blog post","module":"blogsQueue","timestamp":"2025-02-11 21:45:18"}
{"blogId":"67ab90e1c6585583aa9739e3","errorLocation":"BlogQueueProcessor","errorMessage":"Failed to delete blog with ID: 67ab90e1c6585583aa9739e3","jobAttempt":1,"level":"error","message":"Failed to delete a blog post","module":"blogsQueue","timestamp":"2025-02-11 21:45:18"}
{"blogId":"67ab90ecc6585583aa9739f0","errorLocation":"BlogQueueProcessor","errorMessage":"Failed to delete blog with ID: 67ab90ecc6585583aa9739f0","jobAttempt":2,"level":"error","message":"Failed to delete a blog post","module":"blogsQueue","timestamp":"2025-02-11 21:45:34"}
{"blogId":"67ab90e1c6585583aa9739e3","errorLocation":"BlogQueueProcessor","errorMessage":"Caused by :: Write conflict during plan execution and yielding is disabled. :: Please retry your operation or multi-document transaction.","jobAttempt":2,"level":"error","message":"Failed to delete a blog post","module":"blogsQueue","timestamp":"2025-02-11 21:45:34"}
{"blogId":"67ab90ecc6585583aa9739f0","errorLocation":"BlogQueueProcessor","errorMessage":"Failed to delete blog with ID: 67ab90ecc6585583aa9739f0","jobAttempt":3,"level":"error","message":"Failed to delete a blog post","module":"blogsQueue","timestamp":"2025-02-11 21:45:34"}
{"blogId":"67ab90e1c6585583aa9739e3","errorLocation":"BlogQueueProcessor","errorMessage":"Caused by :: Write conflict during plan execution and yielding is disabled. :: Please retry your operation or multi-document transaction.","jobAttempt":0,"level":"error","message":"Failed to delete a blog post","module":"blogsQueue","timestamp":"2025-02-11 21:46:00"}
{"blogId":"67ab90ecc6585583aa9739f0","errorLocation":"BlogQueueProcessor","errorMessage":"Caused by :: Write conflict during plan execution and yielding is disabled. :: Please retry your operation or multi-document transaction.","jobAttempt":0,"level":"error","message":"Failed to delete a blog post","module":"blogsQueue","timestamp":"2025-02-11 21:46:00"}
{"blogId":"67ab90ecc6585583aa9739f0","errorLocation":"BlogQueueProcessor","errorMessage":"Caused by :: Write conflict during plan execution and yielding is disabled. :: Please retry your operation or multi-document transaction.","jobAttempt":3,"level":"error","message":"Failed to delete a blog post","module":"blogsQueue","timestamp":"2025-02-11 21:46:13"}
{"blogId":"67ab90e1c6585583aa9739e3","errorLocation":"BlogQueueProcessor","errorMessage":"Caused by :: Write conflict during plan execution and yielding is disabled. :: Please retry your operation or multi-document transaction.","jobAttempt":3,"level":"error","message":"Failed to delete a blog post","module":"blogsQueue","timestamp":"2025-02-11 21:46:13"}
{"blogId":"67ab90ecc6585583aa9739f0","errorLocation":"BlogQueueProcessor","errorMessage":"Caused by :: Write conflict during plan execution and yielding is disabled. :: Please retry your operation or multi-document transaction.","jobAttempt":1,"level":"error","message":"Failed to delete a blog post","module":"blogsQueue","timestamp":"2025-02-11 21:47:47"}
{"blogId":"67ab90e1c6585583aa9739e3","errorLocation":"BlogQueueProcessor","errorMessage":"Caused by :: Write conflict during plan execution and yielding is disabled. :: Please retry your operation or multi-document transaction.","jobAttempt":1,"level":"error","message":"Failed to delete a blog post","module":"blogsQueue","timestamp":"2025-02-11 21:47:48"}
{"blogId":"67ab90ecc6585583aa9739f0","errorLocation":"BlogQueueProcessor","errorMessage":"Failed to delete blog with ID: 67ab90ecc6585583aa9739f0","jobAttempt":2,"level":"error","message":"Failed to delete a blog post","module":"blogsQueue","timestamp":"2025-02-11 21:49:13"}
{"blogId":"67ab90e1c6585583aa9739e3","errorLocation":"BlogQueueProcessor","errorMessage":"Failed to delete blog with ID: 67ab90e1c6585583aa9739e3","jobAttempt":4,"level":"error","message":"Failed to delete a blog post","module":"blogsQueue","timestamp":"2025-02-11 21:50:25"}
{"blogId":"67ab90ecc6585583aa9739f0","errorLocation":"BlogQueueProcessor","errorMessage":"Failed to delete blog with ID: 67ab90ecc6585583aa9739f0","jobAttempt":4,"level":"error","message":"Failed to delete a blog post","module":"blogsQueue","timestamp":"2025-02-11 21:50:25"}
{"blogId":"67ab90e1c6585583aa9739e3","errorLocation":"BlogQueueProcessor","errorMessage":"Failed to delete blog with ID: 67ab90e1c6585583aa9739e3","jobAttempt":4,"level":"error","message":"Failed to delete a blog post","module":"blogsQueue","timestamp":"2025-02-11 21:51:55"}
{"blogId":"67ab90ecc6585583aa9739f0","errorLocation":"BlogQueueProcessor","errorMessage":"Failed to delete blog with ID: 67ab90ecc6585583aa9739f0","jobAttempt":4,"level":"error","message":"Failed to delete a blog post","module":"blogsQueue","timestamp":"2025-02-11 21:51:55"}
{"blogId":"67ab90e1c6585583aa9739e3","errorLocation":"BlogQueueProcessor","errorMessage":"Failed to delete blog with ID: 67ab90e1c6585583aa9739e3","jobAttempt":0,"level":"error","message":"Failed to delete a blog post","module":"blogsQueue","timestamp":"2025-02-11 22:00:00"}
{"blogId":"67ab90ecc6585583aa9739f0","errorLocation":"BlogQueueProcessor","errorMessage":"Failed to delete blog with ID: 67ab90ecc6585583aa9739f0","jobAttempt":0,"level":"error","message":"Failed to delete a blog post","module":"blogsQueue","timestamp":"2025-02-11 22:00:00"}
{"blogId":"67ab90e1c6585583aa9739e3","errorLocation":"BlogQueueProcessor","errorMessage":"Failed to delete blog with ID: 67ab90e1c6585583aa9739e3","jobAttempt":1,"level":"error","message":"Failed to delete a blog post","module":"blogsQueue","timestamp":"2025-02-11 22:00:05"}
{"blogId":"67ab90ecc6585583aa9739f0","errorLocation":"BlogQueueProcessor","errorMessage":"Failed to delete blog with ID: 67ab90ecc6585583aa9739f0","jobAttempt":1,"level":"error","message":"Failed to delete a blog post","module":"blogsQueue","timestamp":"2025-02-11 22:00:05"}
{"blogId":"67ab90e1c6585583aa9739e3","errorLocation":"BlogQueueProcessor","errorMessage":"Failed to delete blog with ID: 67ab90e1c6585583aa9739e3","jobAttempt":2,"level":"error","message":"Failed to delete a blog post","module":"blogsQueue","timestamp":"2025-02-11 22:00:20"}
{"blogId":"67ab90ecc6585583aa9739f0","errorLocation":"BlogQueueProcessor","errorMessage":"Failed to delete blog with ID: 67ab90ecc6585583aa9739f0","jobAttempt":2,"level":"error","message":"Failed to delete a blog post","module":"blogsQueue","timestamp":"2025-02-11 22:00:21"}
{"blogId":"67ab90ecc6585583aa9739f0","errorLocation":"BlogQueueProcessor","errorMessage":"Failed to delete blog with ID: 67ab90ecc6585583aa9739f0","jobAttempt":0,"level":"error","message":"Failed to delete a blog post","module":"blogsQueue","timestamp":"2025-02-11 22:05:00"}
{"blogId":"67ab90e1c6585583aa9739e3","errorLocation":"BlogQueueProcessor","errorMessage":"Failed to delete blog with ID: 67ab90e1c6585583aa9739e3","jobAttempt":0,"level":"error","message":"Failed to delete a blog post","module":"blogsQueue","timestamp":"2025-02-11 22:05:00"}
{"blogId":"67ab90ecc6585583aa9739f0","errorLocation":"BlogQueueProcessor","errorMessage":"Failed to delete blog with ID: 67ab90ecc6585583aa9739f0","jobAttempt":1,"level":"error","message":"Failed to delete a blog post","module":"blogsQueue","timestamp":"2025-02-11 22:05:05"}
{"blogId":"67ab90e1c6585583aa9739e3","errorLocation":"BlogQueueProcessor","errorMessage":"Failed to delete blog with ID: 67ab90e1c6585583aa9739e3","jobAttempt":1,"level":"error","message":"Failed to delete a blog post","module":"blogsQueue","timestamp":"2025-02-11 22:05:06"}
{"blogId":"67ab90ecc6585583aa9739f0","errorLocation":"BlogQueueProcessor","errorMessage":"Failed to delete blog with ID: 67ab90ecc6585583aa9739f0","jobAttempt":2,"level":"error","message":"Failed to delete a blog post","module":"blogsQueue","timestamp":"2025-02-11 22:05:20"}
{"blogId":"67ab90e1c6585583aa9739e3","errorLocation":"BlogQueueProcessor","errorMessage":"Failed to delete blog with ID: 67ab90e1c6585583aa9739e3","jobAttempt":2,"level":"error","message":"Failed to delete a blog post","module":"blogsQueue","timestamp":"2025-02-11 22:05:21"}
{"blogId":"67ab85cf1d05bfc69d86ef63","errorLocation":"BlogQueueProcessor","errorMessage":"Failed to delete blog with ID: 67ab85cf1d05bfc69d86ef63","jobAttempt":0,"level":"error","message":"Failed to delete a blog post","module":"blogsQueue","timestamp":"2025-02-11 22:06:54"}
{"blogId":"67ab85cf1d05bfc69d86ef63","errorLocation":"BlogQueueProcessor","errorMessage":"Failed to delete blog with ID: 67ab85cf1d05bfc69d86ef63","jobAttempt":1,"level":"error","message":"Failed to delete a blog post","module":"blogsQueue","timestamp":"2025-02-11 22:06:59"}
{"blogId":"67ab85cf1d05bfc69d86ef63","errorLocation":"BlogQueueProcessor","errorMessage":"Failed to delete blog with ID: 67ab85cf1d05bfc69d86ef63","jobAttempt":2,"level":"error","message":"Failed to delete a blog post","module":"blogsQueue","timestamp":"2025-02-11 22:07:18"}
{"blogId":"67ab85cf1d05bfc69d86ef63","errorLocation":"BlogQueueProcessor","errorMessage":"Failed to delete blog with ID: 67ab85cf1d05bfc69d86ef63","jobAttempt":3,"level":"error","message":"Failed to delete a blog post","module":"blogsQueue","timestamp":"2025-02-11 22:07:53"}
{"blogId":"67ab85cf1d05bfc69d86ef63","errorLocation":"BlogQueueProcessor","errorMessage":"Failed to delete blog with ID: 67ab85cf1d05bfc69d86ef63","jobAttempt":0,"level":"error","message":"Failed to delete a blog post","module":"blogsQueue","timestamp":"2025-02-11 22:08:37"}
{"blogId":"67ab85cf1d05bfc69d86ef63","errorLocation":"BlogQueueProcessor","errorMessage":"Failed to delete blog with ID: 67ab85cf1d05bfc69d86ef63","jobAttempt":1,"level":"error","message":"Failed to delete a blog post","module":"blogsQueue","timestamp":"2025-02-11 22:08:42"}
{"blogId":"67ab85cf1d05bfc69d86ef63","errorLocation":"BlogQueueProcessor","errorMessage":"Failed to delete blog with ID: 67ab85cf1d05bfc69d86ef63","jobAttempt":2,"level":"error","message":"Failed to delete a blog post","module":"blogsQueue","timestamp":"2025-02-11 22:08:58"}
{"blogId":"67ab85cf1d05bfc69d86ef63","errorLocation":"BlogQueueProcessor","errorMessage":"Caused by :: Write conflict during plan execution and yielding is disabled. :: Please retry your operation or multi-document transaction.","jobAttempt":0,"level":"error","message":"Failed to delete a blog post","module":"blogsQueue","timestamp":"2025-02-11 22:10:25"}
{"blogId":"67ab85cf1d05bfc69d86ef63","errorLocation":"BlogQueueProcessor","errorMessage":"Failed to delete blog with ID: 67ab85cf1d05bfc69d86ef63","jobAttempt":1,"level":"error","message":"Failed to delete a blog post","module":"blogsQueue","timestamp":"2025-02-11 22:10:30"}
{"blogId":"67ab85cf1d05bfc69d86ef63","errorLocation":"BlogQueueProcessor","errorMessage":"Failed to delete blog with ID: 67ab85cf1d05bfc69d86ef63","jobAttempt":2,"level":"error","message":"Failed to delete a blog post","module":"blogsQueue","timestamp":"2025-02-11 22:10:45"}
{"blogId":"67ab85cf1d05bfc69d86ef63","errorLocation":"BlogQueueProcessor","errorMessage":"Failed to delete blog with ID: 67ab85cf1d05bfc69d86ef63","jobAttempt":3,"level":"error","message":"Failed to delete a blog post","module":"blogsQueue","timestamp":"2025-02-11 22:11:21"}
{"errorLocation":"collectFailedDeletionBlogsProcessor","errorMessage":"getaddrinfo EAI_AGAIN word-nest-1-shard-00-00.aln7u.mongodb.net","level":"error","message":"Failed to collectFailedDeletionBlogsProcessor and register them again to the delete queue","module":"blogsQueue","timestamp":"2025-02-19 00:00:30"}
{"errorLocation":"collectFailedDeletionBlogsProcessor","errorMessage":"getaddrinfo EAI_AGAIN word-nest-1-shard-00-00.aln7u.mongodb.net","level":"error","message":"Failed to collectFailedDeletionBlogsProcessor and register them again to the delete queue","module":"blogsQueue","timestamp":"2025-02-19 00:01:05"}
{"errorLocation":"collectFailedDeletionBlogsProcessor","errorMessage":"getaddrinfo EAI_AGAIN word-nest-1-shard-00-00.aln7u.mongodb.net","level":"error","message":"Failed to collectFailedDeletionBlogsProcessor and register them again to the delete queue","module":"blogsQueue","timestamp":"2025-02-19 00:01:50"}
{"errorLocation":"collectFailedDeletionBlogsProcessor","errorMessage":"getaddrinfo EAI_AGAIN word-nest-1-shard-00-00.aln7u.mongodb.net","level":"error","message":"Failed to collectFailedDeletionBlogsProcessor and register them again to the delete queue","module":"blogsQueue","timestamp":"2025-02-19 00:02:55"}
