{"event":"email_failed","level":"error","message":"Failed to send email","timestamp":"2024-12-19T18:12:48.459Z","type":"Failed","user":"mohamedramadan11b@gmail.com"}
{"event":"email_failed","level":"error","message":"Failed to send email","timestamp":"2024-12-20T10:00:42.263Z","type":"welcomeEmail","user":"mohamedramadan11b@gmail.com"}
{"attempts":1,"event":"email_failed","level":"error","message":"Failed to send email","timestamp":"2025-01-01T08:56:01.791Z","type":"deleteAccountRequest","user":"mohamedramadan11b@gmail.com"}
{"attempts":1,"event":"email_failed","level":"error","message":"Failed to send email","timestamp":"2025-01-01T08:56:03.706Z","type":"deleteAccountRequest","user":"mohamedramadan11b@gmail.com"}
{"attempts":2,"event":"email_failed","level":"error","message":"Failed to send email","timestamp":"2025-01-01T08:56:11.266Z","type":"deleteAccountRequest","user":"mohamedramadan11b@gmail.com"}
{"attempts":3,"event":"email_failed","level":"error","message":"Failed to send email","timestamp":"2025-01-01T08:56:24.605Z","type":"deleteAccountRequest","user":"mohamedramadan11b@gmail.com"}
{"attempts":3,"event":"email_failed","level":"error","message":"Failed to send email","timestamp":"2025-01-01T08:56:28.641Z","type":"deleteAccountRequest","user":"mohamedramadan11b@gmail.com"}
{"attempts":1,"event":"email_failed","level":"error","message":"Failed to send email","timestamp":"2025-01-01T09:46:59.528Z","type":"deleteUserAccount","user":"mohamedramadan11b@gmail.com"}
{"attempts":2,"event":"email_failed","level":"error","message":"Failed to send email","timestamp":"2025-01-01T09:47:04.530Z","type":"deleteUserAccount","user":"mohamedramadan11b@gmail.com"}
{"attempts":3,"event":"email_failed","level":"error","message":"Failed to send email","timestamp":"2025-01-01T09:47:19.537Z","type":"deleteUserAccount","user":"mohamedramadan11b@gmail.com"}
{"attempts":4,"event":"email_failed","level":"error","message":"Failed to send email","timestamp":"2025-01-01T09:47:54.540Z","type":"deleteUserAccount","user":"mohamedramadan11b@gmail.com"}
{"attempts":5,"event":"email_failed","level":"error","message":"Failed to send email","timestamp":"2025-01-01T09:49:09.544Z","type":"deleteUserAccount","user":"mohamedramadan11b@gmail.com"}
{"attempts":1,"event":"email_failed","level":"error","message":"Failed to send email","timestamp":"2025-01-01T09:53:25.016Z","type":"deleteUserAccount","user":"mohamedramadan11b@gmail.com"}
{"attempts":1,"event":"email_failed","level":"error","message":"Failed to send email","timestamp":"2025-01-01T09:56:44.425Z","type":"deleteUserAccount","user":"mohamedramadan11b@gmail.com"}
{"attempts":5,"event":"email_failed","level":"error","message":"Failed to send email","timestamp":"2025-01-01T10:02:48.331Z","type":"deleteAccountConfirm","user":"mohamedramadan11b@gmail.com"}
{"attempts":1,"event":"email_failed","level":"error","message":"Failed to send email","timestamp":"2025-01-03T08:00:34.050Z","type":"changeAccountEmailChangeSuccess","user":"mohamedramadanmeray@gmail.com"}
{"attempts":2,"event":"email_failed","level":"error","message":"Failed to send email","timestamp":"2025-01-03T08:00:39.052Z","type":"changeAccountEmailChangeSuccess","user":"mohamedramadanmeray@gmail.com"}
{"attempts":3,"event":"email_failed","level":"error","message":"Failed to send email","timestamp":"2025-01-03T08:00:54.058Z","type":"changeAccountEmailChangeSuccess","user":"mohamedramadanmeray@gmail.com"}
{"attempts":1,"event":"email_failed","level":"error","message":"Failed to send email","timestamp":"2025-01-09T11:11:40.234Z","type":"lockUserAccount","user":"mohamedramadan11b@gmail.com"}
{"attempts":2,"event":"email_failed","level":"error","message":"Failed to send email","timestamp":"2025-01-09T11:11:45.243Z","type":"lockUserAccount","user":"mohamedramadan11b@gmail.com"}
{"attempts":3,"event":"email_failed","level":"error","message":"Failed to send email","timestamp":"2025-01-09T11:12:00.252Z","type":"lockUserAccount","user":"mohamedramadan11b@gmail.com"}
{"attempts":1,"event":"email_failed","level":"error","message":"Failed to send email","timestamp":"2025-01-09T11:12:33.622Z","type":"lockUserAccount","user":"mohamedramadan11b@gmail.com"}
{"attempts":4,"event":"email_failed","level":"error","message":"Failed to send email","timestamp":"2025-01-09T11:12:35.261Z","type":"lockUserAccount","user":"mohamedramadan11b@gmail.com"}
{"attempts":2,"event":"email_failed","level":"error","message":"Failed to send email","timestamp":"2025-01-09T11:12:38.630Z","type":"lockUserAccount","user":"mohamedramadan11b@gmail.com"}
{"attempts":3,"event":"email_failed","level":"error","message":"Failed to send email","timestamp":"2025-01-09T11:12:53.637Z","type":"lockUserAccount","user":"mohamedramadan11b@gmail.com"}
{"attempts":4,"event":"email_failed","level":"error","message":"Failed to send email","timestamp":"2025-01-09T11:13:28.644Z","type":"lockUserAccount","user":"mohamedramadan11b@gmail.com"}
{"attempts":5,"event":"email_failed","level":"error","message":"Failed to send email","timestamp":"2025-01-09T11:13:50.268Z","type":"lockUserAccount","user":"mohamedramadan11b@gmail.com"}
{"attempts":5,"event":"email_failed","level":"error","message":"Failed to send email","timestamp":"2025-01-09T11:14:43.651Z","type":"lockUserAccount","user":"mohamedramadan11b@gmail.com"}
{"attempts":1,"event":"email_failed","level":"error","message":"Failed to send email","timestamp":"2025-01-09T11:18:12.767Z","type":"lockUserAccount","user":"mohamedramadan11b@gmail.com"}
{"attempts":2,"event":"email_failed","level":"error","message":"Failed to send email","timestamp":"2025-01-09T11:18:17.772Z","type":"lockUserAccount","user":"mohamedramadan11b@gmail.com"}
{"attempts":3,"event":"email_failed","level":"error","message":"Failed to send email","timestamp":"2025-01-09T11:18:32.777Z","type":"lockUserAccount","user":"mohamedramadan11b@gmail.com"}
{"attempts":4,"event":"email_failed","level":"error","message":"Failed to send email","timestamp":"2025-01-09T11:19:07.840Z","type":"lockUserAccount","user":"mohamedramadan11b@gmail.com"}
{"attempts":1,"event":"email_failed","level":"error","message":"Failed to send email","timestamp":"2025-01-09T15:10:39.748Z","type":"accountBanned","user":"mohamedramadan11b@gmail.com"}
{"attempts":2,"event":"email_failed","level":"error","message":"Failed to send email","timestamp":"2025-01-09T15:10:44.759Z","type":"accountBanned","user":"mohamedramadan11b@gmail.com"}
{"attempts":3,"event":"email_failed","level":"error","message":"Failed to send email","timestamp":"2025-01-09T15:10:59.773Z","type":"accountBanned","user":"mohamedramadan11b@gmail.com"}
{"attempts":4,"event":"email_failed","level":"error","message":"Failed to send email","timestamp":"2025-01-09T15:11:34.774Z","type":"accountBanned","user":"mohamedramadan11b@gmail.com"}
{"attempts":1,"event":"email_failed","level":"error","message":"Failed to send email","timestamp":"2025-01-09T15:12:49.072Z","type":"accountBanned","user":"mohamedramadan11b@gmail.com"}
{"attempts":5,"event":"email_failed","level":"error","message":"Failed to send email","timestamp":"2025-01-09T15:12:49.792Z","type":"accountBanned","user":"mohamedramadan11b@gmail.com"}
{"attempts":2,"event":"email_failed","level":"error","message":"Failed to send email","timestamp":"2025-01-09T15:12:54.081Z","type":"accountBanned","user":"mohamedramadan11b@gmail.com"}
{"attempts":3,"event":"email_failed","level":"error","message":"Failed to send email","timestamp":"2025-01-09T15:13:09.085Z","type":"accountBanned","user":"mohamedramadan11b@gmail.com"}
{"attempts":1,"event":"email_failed","level":"error","message":"Failed to send email","timestamp":"2025-01-09T15:22:26.544Z","type":"accountUnbanned","user":"mohamedramadan11b@gmail.com"}
{"attempts":2,"event":"email_failed","level":"error","message":"Failed to send email","timestamp":"2025-01-09T15:22:31.550Z","type":"accountUnbanned","user":"mohamedramadan11b@gmail.com"}
{"attempts":3,"event":"email_failed","level":"error","message":"Failed to send email","timestamp":"2025-01-09T15:22:46.558Z","type":"accountUnbanned","user":"mohamedramadan11b@gmail.com"}
{"attempts":4,"event":"email_failed","level":"error","message":"Failed to send email","timestamp":"2025-01-09T15:23:21.568Z","type":"accountUnbanned","user":"mohamedramadan11b@gmail.com"}
{"attempts":5,"event":"email_failed","level":"error","message":"Failed to send email","timestamp":"2025-01-09T15:24:36.575Z","type":"accountUnbanned","user":"mohamedramadan11b@gmail.com"}
{"attempts":1,"event":"email_failed","level":"error","message":"Failed to send email","timestamp":"2025-01-09T15:26:21.776Z","type":"accountUnbanned","user":"mohamedramadan11b@gmail.com"}
{"attempts":2,"event":"email_failed","level":"error","message":"Failed to send email","timestamp":"2025-01-09T15:26:26.784Z","type":"accountUnbanned","user":"mohamedramadan11b@gmail.com"}
{"attempts":1,"event":"email_failed","level":"error","message":"Failed to send email","timestamp":"2025-01-09T15:33:12.460Z","type":"accountBanned","user":"mohamedramadan11b@gmail.com"}
{"attempts":2,"event":"email_failed","level":"error","message":"Failed to send email","timestamp":"2025-01-09T15:33:17.465Z","type":"accountBanned","user":"mohamedramadan11b@gmail.com"}
{"attempts":3,"event":"email_failed","level":"error","message":"Failed to send email","timestamp":"2025-01-09T15:33:32.479Z","type":"accountBanned","user":"mohamedramadan11b@gmail.com"}
{"attempts":4,"event":"email_failed","level":"error","message":"Failed to send email","timestamp":"2025-01-09T15:34:07.491Z","type":"accountBanned","user":"mohamedramadan11b@gmail.com"}
{"attempts":1,"event":"email_failed","level":"error","message":"Failed to send email","timestamp":"2025-01-09T15:35:21.212Z","type":"accountBanned","user":"mohamedramadan11b@gmail.com"}
{"attempts":5,"event":"email_failed","level":"error","message":"Failed to send email","timestamp":"2025-01-09T15:35:22.492Z","type":"accountBanned","user":"mohamedramadan11b@gmail.com"}
{"attempts":2,"event":"email_failed","level":"error","message":"Failed to send email","timestamp":"2025-01-09T15:35:26.213Z","type":"accountBanned","user":"mohamedramadan11b@gmail.com"}
{"attempts":3,"event":"email_failed","level":"error","message":"Failed to send email","timestamp":"2025-01-09T15:35:41.223Z","type":"accountBanned","user":"mohamedramadan11b@gmail.com"}
{"attempts":4,"event":"email_failed","level":"error","message":"Failed to send email","timestamp":"2025-01-09T15:36:16.266Z","type":"accountBanned","user":"mohamedramadan11b@gmail.com"}
{"attempts":5,"event":"email_failed","level":"error","message":"Failed to send email","timestamp":"2025-01-09T15:37:31.299Z","type":"accountBanned","user":"mohamedramadan11b@gmail.com"}
{"attempts":1,"event":"email_failed","level":"error","message":"Failed to send email","timestamp":"2025-01-09T15:37:54.472Z","type":"accountBanned","user":"mohamedramadan11b@gmail.com"}
{"attempts":2,"event":"email_failed","level":"error","message":"Failed to send email","timestamp":"2025-01-09T15:37:59.474Z","type":"accountBanned","user":"mohamedramadan11b@gmail.com"}
{"attempts":3,"event":"email_failed","level":"error","message":"Failed to send email","timestamp":"2025-01-09T15:38:14.505Z","type":"accountBanned","user":"mohamedramadan11b@gmail.com"}
{"attempts":4,"event":"email_failed","level":"error","message":"Failed to send email","timestamp":"2025-01-09T15:38:49.524Z","type":"accountBanned","user":"mohamedramadan11b@gmail.com"}
